I, [2015-07-12T12:53:12.333417 #70219]  INFO -- : Migrating to CreateRentals (20150712193320)
I, [2015-07-12T12:53:12.980227 #70219]  INFO -- : Migrating to CreateRentalRaws (20150712193335)
I, [2015-07-12T12:53:13.303887 #70219]  INFO -- : Migrating to CreateRentalDiffs (20150712193343)
I, [2015-07-12T13:06:33.162062 #71290]  INFO -- : Migrating to CreateRentals (20150712193320)
I, [2015-07-12T13:06:33.872011 #71290]  INFO -- : Migrating to CreateRentalRaws (20150712193335)
I, [2015-07-12T13:06:34.234503 #71290]  INFO -- : Migrating to CreateRentalDiffs (20150712193343)
I, [2015-07-15T23:30:52.298496 #1267]  INFO -- : Migrating to CreateImportLogs (20150712193335)
I, [2015-07-15T23:30:53.040861 #1267]  INFO -- : Migrating to CreateRentalDiffs (20150712193343)
I, [2015-07-15T23:30:53.412722 #1267]  INFO -- : Migrating to CreateProperties (20150713043756)
I, [2015-07-15T23:30:53.784309 #1267]  INFO -- : Migrating to CreatePropertyTransactions (20150713044023)
I, [2015-07-15T23:30:54.150979 #1267]  INFO -- : Migrating to AddOldLogIdAndNewLogIdToRentalDiffs (20150715063449)
I, [2015-07-25T18:59:27.445273 #23446]  INFO -- : Migrating to CreateImportLogs (20150712193335)
I, [2015-07-25T18:59:28.506061 #23446]  INFO -- : Migrating to CreateImportDiffs (20150712193343)
I, [2015-07-25T18:59:28.966175 #23446]  INFO -- : Migrating to CreateProperties (20150713043756)
I, [2015-07-25T18:59:29.436181 #23446]  INFO -- : Migrating to CreatePropertyTransactionLogs (20150713044023)
I, [2015-07-25T18:59:29.895187 #23446]  INFO -- : Migrating to AddOldLogIdAndNewLogIdToImportDiffs (20150715063449)
I, [2015-07-25T18:59:30.472140 #23446]  INFO -- : Migrating to CreateTableImportJob (20150719212637)
I, [2015-07-25T18:59:31.067736 #23446]  INFO -- : Migrating to RemoveSourceFromImportLogs (20150719212653)
I, [2015-07-25T18:59:31.674103 #23446]  INFO -- : Migrating to RemoveSourceFromImportDiff (20150719212700)
I, [2015-07-25T18:59:32.284145 #23446]  INFO -- : Migrating to AddPropertyIdToPropertyTransactionLogs (20150722155558)
I, [2015-07-25T18:59:33.156044 #23446]  INFO -- : Migrating to AddTransactionTypeToPropertyTransactionLogs (20150722161343)
I, [2015-07-25T18:59:33.622522 #23446]  INFO -- : Migrating to AddLatitudeAndLongitudeToProperty (20150725232123)
I, [2015-07-25T18:59:34.245102 #23446]  INFO -- : Migrating to RemoveIsLatestFromPropertyTransactionLog (20150726011523)
I, [2015-07-25T18:59:34.735064 #23446]  INFO -- : Migrating to CreatePropertyTransactions (20150726013137)
E, [2015-07-25T19:09:19.897219 #23740] ERROR -- : Mysql2::Error: Lost connection to MySQL server during query: COMMIT
E, [2015-07-25T19:09:19.900058 #23740] ERROR -- : Mysql2::Error: MySQL server has gone away: ROLLBACK
I, [2015-07-25T19:18:59.445567 #25105]  INFO -- : Migrating to AddIndexToPropertyTransactions (20150726021449)
